<?xml version='1.0' encoding='UTF-8'?>
<testsuite hostname="pop-os" name="CubeCalculatorTest" tests="1" errors="0" failures="0" skipped="0" time="0.037" timestamp="2020-05-27T15:52:42">
                     <properties>
[...]
</properties>
                     <testcase classname="CubeCalculatorTest" name="CubeCalculator.cube" time="0.037">
                                                 
                                               </testcase>
                     <system-out><![CDATA[]]></system-out>
                     <system-err><![CDATA[]]></system-err>
                   </testsuite>